<?xml version="1.0" encoding="UTF-8"?>
<!-- Generated by org.testng.reporters.JUnitReportReporter -->
<testsuite hostname="LAPTOP-L2UM9ODI" failures="0" tests="1" name="runners.TestRunner" time="42.062" errors="0" timestamp="2025-09-22T23:49:24 IST" skipped="0">
  <testcase classname="runners.TestRunner" name="runScenario" time="42.062"/>
</testsuite> <!-- runners.TestRunner -->
