<?xml version="1.0" encoding="UTF-8"?>
<!-- Generated by org.testng.reporters.JUnitReportReporter -->
<testsuite hostname="LAPTOP-L2UM9ODI" failures="0" tests="1" name="runners.TestRunner" time="58.837" errors="0" timestamp="2025-09-23T02:08:42 IST" skipped="0">
  <testcase classname="runners.TestRunner" name="runScenario" time="58.837"/>
</testsuite> <!-- runners.TestRunner -->
