<?xml version="1.0" encoding="UTF-8"?>
<!-- Generated by org.testng.reporters.JUnitReportReporter -->
<testsuite hostname="LAPTOP-L2UM9ODI" failures="0" tests="1" name="runners.TestRunner" time="41.483" errors="0" timestamp="2025-09-23T01:18:17 IST" skipped="0">
  <testcase classname="runners.TestRunner" name="runScenario" time="41.483"/>
</testsuite> <!-- runners.TestRunner -->
